<?xml version="1.0" encoding="UTF-8"?>
<testsuite xmlns:xsi="http://www.w3.org/2001/XMLSchema-instance" xsi:noNamespaceSchemaLocation="https://maven.apache.org/surefire/maven-surefire-plugin/xsd/surefire-test-report.xsd" name="TestDriver" time="0.077" tests="15" errors="0" skipped="0" failures="0">
  <properties>
[...]
</properties>
  <testcase name="testAppBadInput" classname="TestDriver" time="0.024"/>
  <testcase name="unsupportedFormatFirstParameter" classname="TestDriver" time="0.002"/>
  <testcase name="unsupportedFormatSecondParameter" classname="TestDriver" time="0.006"/>
  <testcase name="testLog" classname="TestDriver" time="0.008"/>
  <testcase name="testPower" classname="TestDriver" time="0.007"/>
  <testcase name="testRoot" classname="TestDriver" time="0.003"/>
  <testcase name="testMultiplication" classname="TestDriver" time="0.002"/>
  <testcase name="testAddition" classname="TestDriver" time="0.002"/>
  <testcase name="testAppGoodInput" classname="TestDriver" time="0.002"/>
  <testcase name="unsupportedOperation" classname="TestDriver" time="0.004"/>
  <testcase name="unsupportedFormatOperation" classname="TestDriver" time="0.001"/>
  <testcase name="testModulus" classname="TestDriver" time="0.001"/>
  <testcase name="testSwitchDefault" classname="TestDriver" time="0.001"/>
  <testcase name="testDivision" classname="TestDriver" time="0.002"/>
  <testcase name="testSubtraction" classname="TestDriver" time="0.002"/>
</testsuite>